InnoDB: using atomic writes.
2020-10-14 16:11:43 0 [Note] InnoDB: Mutexes and rw_locks use Windows interlocked functions
2020-10-14 16:11:43 0 [Note] InnoDB: Uses event mutexes
2020-10-14 16:11:43 0 [Note] InnoDB: Compressed tables use zlib 1.2.11
2020-10-14 16:11:43 0 [Note] InnoDB: Number of pools: 1
2020-10-14 16:11:43 0 [Note] InnoDB: Using SSE2 crc32 instructions
2020-10-14 16:11:43 0 [Note] InnoDB: Initializing buffer pool, total size = 16M, instances = 1, chunk size = 16M
2020-10-14 16:11:43 0 [Note] InnoDB: Completed initialization of buffer pool
2020-10-14 16:11:43 0 [Note] InnoDB: Starting crash recovery from checkpoint LSN=300288
2020-10-14 16:11:44 0 [Note] InnoDB: 128 out of 128 rollback segments are active.
2020-10-14 16:11:44 0 [Note] InnoDB: Removed temporary tablespace data file: "ibtmp1"
2020-10-14 16:11:44 0 [Note] InnoDB: Creating shared tablespace for temporary tables
2020-10-14 16:11:44 0 [Note] InnoDB: Setting file 'D:\Sistema\xampp\mysql\data\ibtmp1' size to 12 MB. Physically writing the file full; Please wait ...
2020-10-14 16:11:44 0 [Note] InnoDB: File 'D:\Sistema\xampp\mysql\data\ibtmp1' size is now 12 MB.
2020-10-14 16:11:44 0 [Note] InnoDB: Waiting for purge to start
2020-10-14 16:11:44 0 [Note] InnoDB: 10.4.14 started; log sequence number 300297; transaction id 171
2020-10-14 16:11:44 0 [Note] InnoDB: Loading buffer pool(s) from D:\Sistema\xampp\mysql\data\ib_buffer_pool
2020-10-14 16:11:44 0 [Note] Plugin 'FEEDBACK' is disabled.
2020-10-14 16:11:44 0 [Note] Server socket created on IP: '::'.
InnoDB: using atomic writes.
2020-10-14 16:22:25 0 [Note] InnoDB: Mutexes and rw_locks use Windows interlocked functions
2020-10-14 16:22:25 0 [Note] InnoDB: Uses event mutexes
2020-10-14 16:22:25 0 [Note] InnoDB: Compressed tables use zlib 1.2.11
2020-10-14 16:22:25 0 [Note] InnoDB: Number of pools: 1
2020-10-14 16:22:25 0 [Note] InnoDB: Using SSE2 crc32 instructions
2020-10-14 16:22:25 0 [Note] InnoDB: Initializing buffer pool, total size = 16M, instances = 1, chunk size = 16M
2020-10-14 16:22:25 0 [Note] InnoDB: Completed initialization of buffer pool
2020-10-14 16:22:25 0 [Note] InnoDB: Starting crash recovery from checkpoint LSN=300306
2020-10-14 16:22:25 0 [Note] InnoDB: 128 out of 128 rollback segments are active.
2020-10-14 16:22:25 0 [Note] InnoDB: Removed temporary tablespace data file: "ibtmp1"
2020-10-14 16:22:25 0 [Note] InnoDB: Creating shared tablespace for temporary tables
2020-10-14 16:22:25 0 [Note] InnoDB: Setting file 'D:\Sistema\xampp\mysql\data\ibtmp1' size to 12 MB. Physically writing the file full; Please wait ...
2020-10-14 16:22:25 0 [Note] InnoDB: File 'D:\Sistema\xampp\mysql\data\ibtmp1' size is now 12 MB.
2020-10-14 16:22:25 0 [Note] InnoDB: Waiting for purge to start
2020-10-14 16:22:25 0 [Note] InnoDB: 10.4.14 started; log sequence number 300315; transaction id 171
2020-10-14 16:22:25 0 [Note] InnoDB: Loading buffer pool(s) from D:\Sistema\xampp\mysql\data\ib_buffer_pool
2020-10-14 16:22:25 0 [Note] Plugin 'FEEDBACK' is disabled.
2020-10-14 16:22:25 0 [Note] Server socket created on IP: '::'.
InnoDB: using atomic writes.
2020-10-14 16:26:25 0 [Note] InnoDB: Mutexes and rw_locks use Windows interlocked functions
2020-10-14 16:26:25 0 [Note] InnoDB: Uses event mutexes
2020-10-14 16:26:25 0 [Note] InnoDB: Compressed tables use zlib 1.2.11
2020-10-14 16:26:25 0 [Note] InnoDB: Number of pools: 1
2020-10-14 16:26:25 0 [Note] InnoDB: Using SSE2 crc32 instructions
2020-10-14 16:26:25 0 [Note] InnoDB: Initializing buffer pool, total size = 16M, instances = 1, chunk size = 16M
2020-10-14 16:26:25 0 [Note] InnoDB: Completed initialization of buffer pool
2020-10-14 16:26:25 0 [Note] InnoDB: Starting crash recovery from checkpoint LSN=300324
2020-10-14 16:26:26 0 [Note] InnoDB: 128 out of 128 rollback segments are active.
2020-10-14 16:26:26 0 [Note] InnoDB: Removed temporary tablespace data file: "ibtmp1"
2020-10-14 16:26:26 0 [Note] InnoDB: Creating shared tablespace for temporary tables
2020-10-14 16:26:26 0 [Note] InnoDB: Setting file 'D:\Sistema\xampp\mysql\data\ibtmp1' size to 12 MB. Physically writing the file full; Please wait ...
2020-10-14 16:26:26 0 [Note] InnoDB: File 'D:\Sistema\xampp\mysql\data\ibtmp1' size is now 12 MB.
2020-10-14 16:26:26 0 [Note] InnoDB: Waiting for purge to start
2020-10-14 16:26:27 0 [Note] InnoDB: 10.4.14 started; log sequence number 300333; transaction id 171
2020-10-14 16:26:27 0 [Note] InnoDB: Loading buffer pool(s) from D:\Sistema\xampp\mysql\data\ib_buffer_pool
2020-10-14 16:26:27 0 [Note] Plugin 'FEEDBACK' is disabled.
2020-10-14 16:26:27 0 [Note] Server socket created on IP: '::'.
InnoDB: using atomic writes.
2020-10-14 18:40:09 0 [Note] InnoDB: Mutexes and rw_locks use Windows interlocked functions
2020-10-14 18:40:09 0 [Note] InnoDB: Uses event mutexes
2020-10-14 18:40:09 0 [Note] InnoDB: Compressed tables use zlib 1.2.11
2020-10-14 18:40:09 0 [Note] InnoDB: Number of pools: 1
2020-10-14 18:40:09 0 [Note] InnoDB: Using SSE2 crc32 instructions
2020-10-14 18:40:09 0 [Note] InnoDB: Initializing buffer pool, total size = 16M, instances = 1, chunk size = 16M
2020-10-14 18:40:09 0 [Note] InnoDB: Completed initialization of buffer pool
2020-10-14 18:40:09 0 [Note] InnoDB: Starting crash recovery from checkpoint LSN=300342
2020-10-14 18:40:09 0 [Note] InnoDB: 128 out of 128 rollback segments are active.
2020-10-14 18:40:09 0 [Note] InnoDB: Removed temporary tablespace data file: "ibtmp1"
2020-10-14 18:40:09 0 [Note] InnoDB: Creating shared tablespace for temporary tables
2020-10-14 18:40:09 0 [Note] InnoDB: Setting file 'D:\Sistema\xampp\mysql\data\ibtmp1' size to 12 MB. Physically writing the file full; Please wait ...
2020-10-14 18:40:09 0 [Note] InnoDB: File 'D:\Sistema\xampp\mysql\data\ibtmp1' size is now 12 MB.
2020-10-14 18:40:09 0 [Note] InnoDB: Waiting for purge to start
2020-10-14 18:40:09 0 [Note] InnoDB: 10.4.14 started; log sequence number 300351; transaction id 171
2020-10-14 18:40:09 0 [Note] InnoDB: Loading buffer pool(s) from D:\Sistema\xampp\mysql\data\ib_buffer_pool
2020-10-14 18:40:09 0 [Note] Plugin 'FEEDBACK' is disabled.
2020-10-14 18:40:09 0 [Note] Server socket created on IP: '::'.
InnoDB: using atomic writes.
2020-10-14 22:15:25 0 [Note] InnoDB: Mutexes and rw_locks use Windows interlocked functions
2020-10-14 22:15:25 0 [Note] InnoDB: Uses event mutexes
2020-10-14 22:15:25 0 [Note] InnoDB: Compressed tables use zlib 1.2.11
2020-10-14 22:15:25 0 [Note] InnoDB: Number of pools: 1
2020-10-14 22:15:25 0 [Note] InnoDB: Using SSE2 crc32 instructions
2020-10-14 22:15:25 0 [Note] InnoDB: Initializing buffer pool, total size = 16M, instances = 1, chunk size = 16M
2020-10-14 22:15:25 0 [Note] InnoDB: Completed initialization of buffer pool
2020-10-14 22:15:25 0 [Note] InnoDB: Starting crash recovery from checkpoint LSN=300360
2020-10-14 22:15:26 0 [Note] InnoDB: 128 out of 128 rollback segments are active.
2020-10-14 22:15:26 0 [Note] InnoDB: Removed temporary tablespace data file: "ibtmp1"
2020-10-14 22:15:26 0 [Note] InnoDB: Creating shared tablespace for temporary tables
2020-10-14 22:15:26 0 [Note] InnoDB: Setting file 'D:\Sistema\xampp\mysql\data\ibtmp1' size to 12 MB. Physically writing the file full; Please wait ...
2020-10-14 22:15:26 0 [Note] InnoDB: File 'D:\Sistema\xampp\mysql\data\ibtmp1' size is now 12 MB.
2020-10-14 22:15:26 0 [Note] InnoDB: Waiting for purge to start
2020-10-14 22:15:26 0 [Note] InnoDB: 10.4.14 started; log sequence number 300369; transaction id 171
2020-10-14 22:15:26 0 [Note] InnoDB: Loading buffer pool(s) from D:\Sistema\xampp\mysql\data\ib_buffer_pool
2020-10-14 22:15:26 0 [Note] Plugin 'FEEDBACK' is disabled.
2020-10-14 22:15:26 0 [Note] Server socket created on IP: '::'.
2020-10-14 22:15:26 0 [Note] InnoDB: Buffer pool(s) load completed at 201014 22:15:26
InnoDB: using atomic writes.
2020-10-15 17:28:21 0 [Note] InnoDB: Mutexes and rw_locks use Windows interlocked functions
2020-10-15 17:28:21 0 [Note] InnoDB: Uses event mutexes
2020-10-15 17:28:21 0 [Note] InnoDB: Compressed tables use zlib 1.2.11
2020-10-15 17:28:21 0 [Note] InnoDB: Number of pools: 1
2020-10-15 17:28:21 0 [Note] InnoDB: Using SSE2 crc32 instructions
2020-10-15 17:28:21 0 [Note] InnoDB: Initializing buffer pool, total size = 16M, instances = 1, chunk size = 16M
2020-10-15 17:28:21 0 [Note] InnoDB: Completed initialization of buffer pool
2020-10-15 17:28:21 0 [Note] InnoDB: Starting crash recovery from checkpoint LSN=300378
2020-10-15 17:28:23 0 [Note] InnoDB: 128 out of 128 rollback segments are active.
2020-10-15 17:28:23 0 [Note] InnoDB: Removed temporary tablespace data file: "ibtmp1"
2020-10-15 17:28:23 0 [Note] InnoDB: Creating shared tablespace for temporary tables
2020-10-15 17:28:23 0 [Note] InnoDB: Setting file 'D:\Sistema\xampp\mysql\data\ibtmp1' size to 12 MB. Physically writing the file full; Please wait ...
2020-10-15 17:28:23 0 [Note] InnoDB: File 'D:\Sistema\xampp\mysql\data\ibtmp1' size is now 12 MB.
2020-10-15 17:28:23 0 [Note] InnoDB: Waiting for purge to start
2020-10-15 17:28:23 0 [Note] InnoDB: 10.4.14 started; log sequence number 300387; transaction id 171
2020-10-15 17:28:23 0 [Note] InnoDB: Loading buffer pool(s) from D:\Sistema\xampp\mysql\data\ib_buffer_pool
2020-10-15 17:28:23 0 [Note] Plugin 'FEEDBACK' is disabled.
2020-10-15 17:28:23 0 [Note] Server socket created on IP: '::'.
InnoDB: using atomic writes.
2020-10-20 10:19:38 0 [Note] InnoDB: Mutexes and rw_locks use Windows interlocked functions
2020-10-20 10:19:38 0 [Note] InnoDB: Uses event mutexes
2020-10-20 10:19:38 0 [Note] InnoDB: Compressed tables use zlib 1.2.11
2020-10-20 10:19:38 0 [Note] InnoDB: Number of pools: 1
2020-10-20 10:19:38 0 [Note] InnoDB: Using SSE2 crc32 instructions
2020-10-20 10:19:38 0 [Note] InnoDB: Initializing buffer pool, total size = 16M, instances = 1, chunk size = 16M
2020-10-20 10:19:38 0 [Note] InnoDB: Completed initialization of buffer pool
2020-10-20 10:19:38 0 [Note] InnoDB: Starting crash recovery from checkpoint LSN=300396
2020-10-20 10:19:40 0 [Note] InnoDB: 128 out of 128 rollback segments are active.
2020-10-20 10:19:40 0 [Note] InnoDB: Removed temporary tablespace data file: "ibtmp1"
2020-10-20 10:19:40 0 [Note] InnoDB: Creating shared tablespace for temporary tables
2020-10-20 10:19:40 0 [Note] InnoDB: Setting file 'D:\Sistema\xampp\mysql\data\ibtmp1' size to 12 MB. Physically writing the file full; Please wait ...
2020-10-20 10:19:40 0 [Note] InnoDB: File 'D:\Sistema\xampp\mysql\data\ibtmp1' size is now 12 MB.
2020-10-20 10:19:40 0 [Note] InnoDB: Waiting for purge to start
2020-10-20 10:19:40 0 [Note] InnoDB: Waiting for purge to start
2020-10-20 10:19:40 0 [Note] InnoDB: 10.4.14 started; log sequence number 300405; transaction id 171
2020-10-20 10:19:40 0 [Note] InnoDB: Loading buffer pool(s) from D:\Sistema\xampp\mysql\data\ib_buffer_pool
2020-10-20 10:19:40 0 [Note] Plugin 'FEEDBACK' is disabled.
2020-10-20 10:19:40 0 [Note] InnoDB: Buffer pool(s) load completed at 201020 10:19:40
2020-10-20 10:19:41 0 [Note] Server socket created on IP: '::'.
InnoDB: using atomic writes.
2020-10-21  9:45:40 0 [Note] InnoDB: Mutexes and rw_locks use Windows interlocked functions
2020-10-21  9:45:40 0 [Note] InnoDB: Uses event mutexes
2020-10-21  9:45:40 0 [Note] InnoDB: Compressed tables use zlib 1.2.11
2020-10-21  9:45:40 0 [Note] InnoDB: Number of pools: 1
2020-10-21  9:45:40 0 [Note] InnoDB: Using SSE2 crc32 instructions
2020-10-21  9:45:40 0 [Note] InnoDB: Initializing buffer pool, total size = 16M, instances = 1, chunk size = 16M
2020-10-21  9:45:40 0 [Note] InnoDB: Completed initialization of buffer pool
2020-10-21  9:45:40 0 [Note] InnoDB: Starting crash recovery from checkpoint LSN=300414
2020-10-21  9:45:43 0 [Note] InnoDB: 128 out of 128 rollback segments are active.
2020-10-21  9:45:43 0 [Note] InnoDB: Removed temporary tablespace data file: "ibtmp1"
2020-10-21  9:45:43 0 [Note] InnoDB: Creating shared tablespace for temporary tables
2020-10-21  9:45:43 0 [Note] InnoDB: Setting file 'D:\Sistema\xampp\mysql\data\ibtmp1' size to 12 MB. Physically writing the file full; Please wait ...
2020-10-21  9:45:43 0 [Note] InnoDB: File 'D:\Sistema\xampp\mysql\data\ibtmp1' size is now 12 MB.
2020-10-21  9:45:43 0 [Note] InnoDB: Waiting for purge to start
2020-10-21  9:45:43 0 [Note] InnoDB: Waiting for purge to start
2020-10-21  9:45:43 0 [Note] InnoDB: 10.4.14 started; log sequence number 300423; transaction id 171
2020-10-21  9:45:43 0 [Note] InnoDB: Loading buffer pool(s) from D:\Sistema\xampp\mysql\data\ib_buffer_pool
2020-10-21  9:45:43 0 [Note] Plugin 'FEEDBACK' is disabled.
2020-10-21  9:45:43 0 [Note] InnoDB: Buffer pool(s) load completed at 201021  9:45:43
2020-10-21  9:45:44 0 [Note] Server socket created on IP: '::'.
InnoDB: using atomic writes.
2020-10-22 11:02:53 0 [Note] InnoDB: Mutexes and rw_locks use Windows interlocked functions
2020-10-22 11:02:53 0 [Note] InnoDB: Uses event mutexes
2020-10-22 11:02:53 0 [Note] InnoDB: Compressed tables use zlib 1.2.11
2020-10-22 11:02:53 0 [Note] InnoDB: Number of pools: 1
2020-10-22 11:02:53 0 [Note] InnoDB: Using SSE2 crc32 instructions
2020-10-22 11:02:53 0 [Note] InnoDB: Initializing buffer pool, total size = 16M, instances = 1, chunk size = 16M
2020-10-22 11:02:53 0 [Note] InnoDB: Completed initialization of buffer pool
2020-10-22 11:02:54 0 [Note] InnoDB: Starting crash recovery from checkpoint LSN=300432
2020-10-22 11:02:55 0 [Note] InnoDB: 128 out of 128 rollback segments are active.
2020-10-22 11:02:55 0 [Note] InnoDB: Removed temporary tablespace data file: "ibtmp1"
2020-10-22 11:02:55 0 [Note] InnoDB: Creating shared tablespace for temporary tables
2020-10-22 11:02:55 0 [Note] InnoDB: Setting file 'D:\Sistema\xampp\mysql\data\ibtmp1' size to 12 MB. Physically writing the file full; Please wait ...
2020-10-22 11:02:55 0 [Note] InnoDB: File 'D:\Sistema\xampp\mysql\data\ibtmp1' size is now 12 MB.
2020-10-22 11:02:55 0 [Note] InnoDB: Waiting for purge to start
2020-10-22 11:02:55 0 [Note] InnoDB: 10.4.14 started; log sequence number 300441; transaction id 171
2020-10-22 11:02:55 0 [Note] InnoDB: Loading buffer pool(s) from D:\Sistema\xampp\mysql\data\ib_buffer_pool
2020-10-22 11:02:55 0 [Note] Plugin 'FEEDBACK' is disabled.
2020-10-22 11:02:55 0 [Note] InnoDB: Buffer pool(s) load completed at 201022 11:02:55
2020-10-22 11:02:55 0 [Note] Server socket created on IP: '::'.
InnoDB: using atomic writes.
2020-10-22 12:06:32 0 [Note] InnoDB: Mutexes and rw_locks use Windows interlocked functions
2020-10-22 12:06:32 0 [Note] InnoDB: Uses event mutexes
2020-10-22 12:06:32 0 [Note] InnoDB: Compressed tables use zlib 1.2.11
2020-10-22 12:06:32 0 [Note] InnoDB: Number of pools: 1
2020-10-22 12:06:32 0 [Note] InnoDB: Using SSE2 crc32 instructions
2020-10-22 12:06:32 0 [Note] InnoDB: Initializing buffer pool, total size = 16M, instances = 1, chunk size = 16M
2020-10-22 12:06:32 0 [Note] InnoDB: Completed initialization of buffer pool
2020-10-22 12:06:34 0 [Note] InnoDB: Starting crash recovery from checkpoint LSN=300450
2020-10-22 12:06:34 0 [Note] InnoDB: 128 out of 128 rollback segments are active.
2020-10-22 12:06:34 0 [Note] InnoDB: Removed temporary tablespace data file: "ibtmp1"
2020-10-22 12:06:34 0 [Note] InnoDB: Creating shared tablespace for temporary tables
2020-10-22 12:06:34 0 [Note] InnoDB: Setting file 'D:\Sistema\xampp\mysql\data\ibtmp1' size to 12 MB. Physically writing the file full; Please wait ...
2020-10-22 12:06:34 0 [Note] InnoDB: File 'D:\Sistema\xampp\mysql\data\ibtmp1' size is now 12 MB.
2020-10-22 12:06:34 0 [Note] InnoDB: Waiting for purge to start
2020-10-22 12:06:34 0 [Note] InnoDB: 10.4.14 started; log sequence number 300459; transaction id 171
2020-10-22 12:06:34 0 [Note] InnoDB: Loading buffer pool(s) from D:\Sistema\xampp\mysql\data\ib_buffer_pool
2020-10-22 12:06:34 0 [Note] Plugin 'FEEDBACK' is disabled.
2020-10-22 12:06:34 0 [Note] Server socket created on IP: '::'.
InnoDB: using atomic writes.
2020-10-22 23:11:39 0 [Note] InnoDB: Mutexes and rw_locks use Windows interlocked functions
2020-10-22 23:11:39 0 [Note] InnoDB: Uses event mutexes
2020-10-22 23:11:39 0 [Note] InnoDB: Compressed tables use zlib 1.2.11
2020-10-22 23:11:40 0 [Note] InnoDB: Number of pools: 1
2020-10-22 23:11:40 0 [Note] InnoDB: Using SSE2 crc32 instructions
2020-10-22 23:11:40 0 [Note] InnoDB: Initializing buffer pool, total size = 16M, instances = 1, chunk size = 16M
2020-10-22 23:11:40 0 [Note] InnoDB: Completed initialization of buffer pool
2020-10-22 23:11:40 0 [Note] InnoDB: Starting crash recovery from checkpoint LSN=300468
2020-10-22 23:11:42 0 [Note] InnoDB: 128 out of 128 rollback segments are active.
2020-10-22 23:11:42 0 [Note] InnoDB: Removed temporary tablespace data file: "ibtmp1"
2020-10-22 23:11:42 0 [Note] InnoDB: Creating shared tablespace for temporary tables
2020-10-22 23:11:42 0 [Note] InnoDB: Setting file 'D:\Sistema\xampp\mysql\data\ibtmp1' size to 12 MB. Physically writing the file full; Please wait ...
2020-10-22 23:11:42 0 [Note] InnoDB: File 'D:\Sistema\xampp\mysql\data\ibtmp1' size is now 12 MB.
2020-10-22 23:11:42 0 [Note] InnoDB: Waiting for purge to start
2020-10-22 23:11:42 0 [Note] InnoDB: 10.4.14 started; log sequence number 300477; transaction id 171
2020-10-22 23:11:42 0 [Note] InnoDB: Loading buffer pool(s) from D:\Sistema\xampp\mysql\data\ib_buffer_pool
2020-10-22 23:11:42 0 [Note] Plugin 'FEEDBACK' is disabled.
2020-10-22 23:11:43 0 [Note] InnoDB: Buffer pool(s) load completed at 201022 23:11:43
2020-10-22 23:11:43 0 [Note] Server socket created on IP: '::'.
InnoDB: using atomic writes.
2020-10-24 11:24:11 0 [Note] InnoDB: Mutexes and rw_locks use Windows interlocked functions
2020-10-24 11:24:11 0 [Note] InnoDB: Uses event mutexes
2020-10-24 11:24:11 0 [Note] InnoDB: Compressed tables use zlib 1.2.11
2020-10-24 11:24:11 0 [Note] InnoDB: Number of pools: 1
2020-10-24 11:24:11 0 [Note] InnoDB: Using SSE2 crc32 instructions
2020-10-24 11:24:11 0 [Note] InnoDB: Initializing buffer pool, total size = 16M, instances = 1, chunk size = 16M
2020-10-24 11:24:11 0 [Note] InnoDB: Completed initialization of buffer pool
2020-10-24 11:24:11 0 [Note] InnoDB: Starting crash recovery from checkpoint LSN=300486
2020-10-24 11:24:13 0 [Note] InnoDB: 128 out of 128 rollback segments are active.
2020-10-24 11:24:13 0 [Note] InnoDB: Removed temporary tablespace data file: "ibtmp1"
2020-10-24 11:24:13 0 [Note] InnoDB: Creating shared tablespace for temporary tables
2020-10-24 11:24:13 0 [Note] InnoDB: Setting file 'D:\Sistema\xampp\mysql\data\ibtmp1' size to 12 MB. Physically writing the file full; Please wait ...
2020-10-24 11:24:13 0 [Note] InnoDB: File 'D:\Sistema\xampp\mysql\data\ibtmp1' size is now 12 MB.
2020-10-24 11:24:13 0 [Note] InnoDB: Waiting for purge to start
2020-10-24 11:24:13 0 [Note] InnoDB: 10.4.14 started; log sequence number 300495; transaction id 171
2020-10-24 11:24:13 0 [Note] InnoDB: Loading buffer pool(s) from D:\Sistema\xampp\mysql\data\ib_buffer_pool
2020-10-24 11:24:13 0 [Note] Plugin 'FEEDBACK' is disabled.
2020-10-24 11:24:13 0 [Note] InnoDB: Buffer pool(s) load completed at 201024 11:24:13
2020-10-24 11:24:14 0 [Note] Server socket created on IP: '::'.
InnoDB: using atomic writes.
2020-10-26 18:38:03 0 [Note] InnoDB: Mutexes and rw_locks use Windows interlocked functions
2020-10-26 18:38:03 0 [Note] InnoDB: Uses event mutexes
2020-10-26 18:38:03 0 [Note] InnoDB: Compressed tables use zlib 1.2.11
2020-10-26 18:38:03 0 [Note] InnoDB: Number of pools: 1
2020-10-26 18:38:03 0 [Note] InnoDB: Using SSE2 crc32 instructions
2020-10-26 18:38:03 0 [Note] InnoDB: Initializing buffer pool, total size = 16M, instances = 1, chunk size = 16M
2020-10-26 18:38:03 0 [Note] InnoDB: Completed initialization of buffer pool
2020-10-26 18:38:03 0 [Note] InnoDB: Starting crash recovery from checkpoint LSN=300504
2020-10-26 18:38:03 0 [Note] InnoDB: 128 out of 128 rollback segments are active.
2020-10-26 18:38:03 0 [Note] InnoDB: Removed temporary tablespace data file: "ibtmp1"
2020-10-26 18:38:03 0 [Note] InnoDB: Creating shared tablespace for temporary tables
2020-10-26 18:38:03 0 [Note] InnoDB: Setting file 'D:\Sistema\xampp\mysql\data\ibtmp1' size to 12 MB. Physically writing the file full; Please wait ...
2020-10-26 18:38:03 0 [Note] InnoDB: File 'D:\Sistema\xampp\mysql\data\ibtmp1' size is now 12 MB.
2020-10-26 18:38:03 0 [Note] InnoDB: Waiting for purge to start
2020-10-26 18:38:03 0 [Note] InnoDB: 10.4.14 started; log sequence number 300513; transaction id 171
2020-10-26 18:38:03 0 [Note] InnoDB: Loading buffer pool(s) from D:\Sistema\xampp\mysql\data\ib_buffer_pool
2020-10-26 18:38:03 0 [Note] Plugin 'FEEDBACK' is disabled.
2020-10-26 18:38:03 0 [Note] InnoDB: Buffer pool(s) load completed at 201026 18:38:03
2020-10-26 18:38:03 0 [Note] Server socket created on IP: '::'.
InnoDB: using atomic writes.
2020-10-27  8:28:35 0 [Note] InnoDB: Mutexes and rw_locks use Windows interlocked functions
2020-10-27  8:28:35 0 [Note] InnoDB: Uses event mutexes
2020-10-27  8:28:35 0 [Note] InnoDB: Compressed tables use zlib 1.2.11
2020-10-27  8:28:35 0 [Note] InnoDB: Number of pools: 1
2020-10-27  8:28:35 0 [Note] InnoDB: Using SSE2 crc32 instructions
2020-10-27  8:28:35 0 [Note] InnoDB: Initializing buffer pool, total size = 16M, instances = 1, chunk size = 16M
2020-10-27  8:28:35 0 [Note] InnoDB: Completed initialization of buffer pool
2020-10-27  8:28:35 0 [Note] InnoDB: Starting crash recovery from checkpoint LSN=311622
2020-10-27  8:28:38 0 [Note] InnoDB: 128 out of 128 rollback segments are active.
2020-10-27  8:28:38 0 [Note] InnoDB: Removed temporary tablespace data file: "ibtmp1"
2020-10-27  8:28:38 0 [Note] InnoDB: Creating shared tablespace for temporary tables
2020-10-27  8:28:38 0 [Note] InnoDB: Setting file 'C:\xampp\mysql\data\ibtmp1' size to 12 MB. Physically writing the file full; Please wait ...
2020-10-27  8:28:38 0 [Note] InnoDB: File 'C:\xampp\mysql\data\ibtmp1' size is now 12 MB.
2020-10-27  8:28:38 0 [Note] InnoDB: Waiting for purge to start
2020-10-27  8:28:38 0 [Note] InnoDB: 10.4.14 started; log sequence number 311631; transaction id 202
2020-10-27  8:28:38 0 [Note] InnoDB: Loading buffer pool(s) from C:\xampp\mysql\data\ib_buffer_pool
2020-10-27  8:28:38 0 [Note] Plugin 'FEEDBACK' is disabled.
2020-10-27  8:28:38 0 [Note] Server socket created on IP: '::'.
InnoDB: using atomic writes.
2020-10-27 10:45:40 0 [Note] InnoDB: Mutexes and rw_locks use Windows interlocked functions
2020-10-27 10:45:40 0 [Note] InnoDB: Uses event mutexes
2020-10-27 10:45:40 0 [Note] InnoDB: Compressed tables use zlib 1.2.11
2020-10-27 10:45:40 0 [Note] InnoDB: Number of pools: 1
2020-10-27 10:45:40 0 [Note] InnoDB: Using SSE2 crc32 instructions
2020-10-27 10:45:40 0 [Note] InnoDB: Initializing buffer pool, total size = 16M, instances = 1, chunk size = 16M
2020-10-27 10:45:40 0 [Note] InnoDB: Completed initialization of buffer pool
2020-10-27 10:45:40 0 [Note] InnoDB: Starting crash recovery from checkpoint LSN=311640
2020-10-27 10:45:43 0 [Note] InnoDB: 128 out of 128 rollback segments are active.
2020-10-27 10:45:43 0 [Note] InnoDB: Removed temporary tablespace data file: "ibtmp1"
2020-10-27 10:45:43 0 [Note] InnoDB: Creating shared tablespace for temporary tables
2020-10-27 10:45:43 0 [Note] InnoDB: Setting file 'C:\xampp\mysql\data\ibtmp1' size to 12 MB. Physically writing the file full; Please wait ...
2020-10-27 10:45:43 0 [Note] InnoDB: File 'C:\xampp\mysql\data\ibtmp1' size is now 12 MB.
2020-10-27 10:45:43 0 [Note] InnoDB: Waiting for purge to start
2020-10-27 10:45:43 0 [Note] InnoDB: Waiting for purge to start
2020-10-27 10:45:44 0 [Note] InnoDB: Waiting for purge to start
2020-10-27 10:45:44 0 [Note] InnoDB: 10.4.14 started; log sequence number 311649; transaction id 202
2020-10-27 10:45:44 0 [Note] InnoDB: Loading buffer pool(s) from C:\xampp\mysql\data\ib_buffer_pool
2020-10-27 10:45:44 0 [Note] Plugin 'FEEDBACK' is disabled.
2020-10-27 10:45:44 0 [Note] InnoDB: Buffer pool(s) load completed at 201027 10:45:44
2020-10-27 10:45:45 0 [Note] Server socket created on IP: '::'.
